<?xml version="1.0" encoding="UTF-8"?>
<testsuite name="cucumber.jvm.parallel.cucumber.R_S13_21430_AT" time="0.361" tests="44" errors="2" skipped="7" failures="0">
  <properties>
    <property name="java.runtime.name" value="Java(TM) SE Runtime Environment"/>
    <property name="sun.boot.library.path" value="C:\Program Files\Java\jdk1.8.0_101\jre\bin"/>
    <property name="java.vm.version" value="25.101-b13"/>
    <property name="browser" value="chrome"/>
    <property name="java.vm.vendor" value="Oracle Corporation"/>
    <property name="maven.multiModuleProjectDirectory" value="C:\Spark\CUE2_integration_test"/>
    <property name="java.vendor.url" value="http://java.oracle.com/"/>
    <property name="path.separator" value=";"/>
    <property name="guice.disable.misplaced.annotation.check" value="true"/>
    <property name="java.vm.name" value="Java HotSpot(TM) Client VM"/>
    <property name="file.encoding.pkg" value="sun.io"/>
    <property name="user.script" value=""/>
    <property name="user.country" value="PH"/>
    <property name="sun.java.launcher" value="SUN_STANDARD"/>
    <property name="sun.os.patch.level" value="Service Pack 1"/>
    <property name="java.vm.specification.name" value="Java Virtual Machine Specification"/>
    <property name="user.dir" value="C:\Spark\CUE2_integration_test"/>
    <property name="spark.dev.user" value="giovanni.solita@alliancedata.com"/>
    <property name="java.runtime.version" value="1.8.0_101-b13"/>
    <property name="java.awt.graphicsenv" value="sun.awt.Win32GraphicsEnvironment"/>
    <property name="spark.trn.password" value="Google123123123"/>
    <property name="java.endorsed.dirs" value="C:\Program Files\Java\jdk1.8.0_101\jre\lib\endorsed"/>
    <property name="spark.qa.password" value="Google123123123"/>
    <property name="os.arch" value="x86"/>
    <property name="java.io.tmpdir" value="C:\Users\GGSolita\AppData\Local\Temp\"/>
    <property name="line.separator" value="&#10;"/>
    <property name="java.vm.specification.vendor" value="Oracle Corporation"/>
    <property name="user.variant" value=""/>
    <property name="os.name" value="Windows 7"/>
    <property name="spark.trn.user" value="giovanni.solita@alliancedata.com"/>
    <property name="classworlds.conf" value="C:\apache\apache-maven-3.3.9\bin\..\bin\m2.conf"/>
    <property name="sun.jnu.encoding" value="Cp1252"/>
    <property name="java.library.path" value="C:\Program Files\Java\jdk1.8.0_101\bin;C:\windows\Sun\Java\bin;C:\windows\system32;C:\windows;C:\Program Files\Java\jdk1.8.0_101\bin;C:\Program Files\RSA SecurID Token Common;c:\Program Files\Intel\iCLS Client\;C:\windows\system32;C:\windows;C:\windows\System32\Wbem;C:\windows\System32\WindowsPowerShell\v1.0\;C:\Program Files\Intel\Intel(R) Management Engine Components\DAL;C:\Program Files\Intel\Intel(R) Management Engine Components\IPT;C:\apache\apache-maven-3.3.9\bin;C:\Program Files\Git\cmd;C:\Program Files\nodejs\;C:\Users\GGSolita\AppData\Roaming\npm;."/>
    <property name="spark.qa.user" value="giovanni.solita@alliancedata.com"/>
    <property name="java.class.version" value="52.0"/>
    <property name="java.specification.name" value="Java Platform API Specification"/>
    <property name="spark.uat.user" value="giovanni.solita@alliancedata.com"/>
    <property name="sun.management.compiler" value="HotSpot Client Compiler"/>
    <property name="os.version" value="6.1"/>
    <property name="user.home" value="C:\Users\GGSolita"/>
    <property name="user.timezone" value="America/Chicago"/>
    <property name="java.awt.printerjob" value="sun.awt.windows.WPrinterJob"/>
    <property name="spark.uat.password" value="Google123123123"/>
    <property name="java.specification.version" value="1.8"/>
    <property name="file.encoding" value="Cp1252"/>
    <property name="spark.dev.password" value="Google123123123"/>
    <property name="user.name" value="GGSolita"/>
    <property name="java.class.path" value="C:\apache\apache-maven-3.3.9\bin\..\boot\plexus-classworlds-2.5.2.jar"/>
    <property name="java.vm.specification.version" value="1.8"/>
    <property name="sun.arch.data.model" value="32"/>
    <property name="java.home" value="C:\Program Files\Java\jdk1.8.0_101\jre"/>
    <property name="sun.java.command" value="org.codehaus.plexus.classworlds.launcher.Launcher clean install -Dbrowser=chrome -Denvironment=QA -Dspark.qa.user=giovanni.solita@alliancedata.com -Dspark.qa.password=Google123123123 -Dspark.uat.user=giovanni.solita@alliancedata.com -Dspark.uat.password=Google123123123 -Dspark.trn.user=giovanni.solita@alliancedata.com -Dspark.trn.password=Google123123123 -Dspark.dev.user=giovanni.solita@alliancedata.com -Dspark.dev.password=Google123123123"/>
    <property name="java.specification.vendor" value="Oracle Corporation"/>
    <property name="user.language" value="en"/>
    <property name="awt.toolkit" value="sun.awt.windows.WToolkit"/>
    <property name="java.vm.info" value="mixed mode"/>
    <property name="java.version" value="1.8.0_101"/>
    <property name="java.ext.dirs" value="C:\Program Files\Java\jdk1.8.0_101\jre\lib\ext;C:\windows\Sun\Java\lib\ext"/>
    <property name="sun.boot.class.path" value="C:\Program Files\Java\jdk1.8.0_101\jre\lib\resources.jar;C:\Program Files\Java\jdk1.8.0_101\jre\lib\rt.jar;C:\Program Files\Java\jdk1.8.0_101\jre\lib\sunrsasign.jar;C:\Program Files\Java\jdk1.8.0_101\jre\lib\jsse.jar;C:\Program Files\Java\jdk1.8.0_101\jre\lib\jce.jar;C:\Program Files\Java\jdk1.8.0_101\jre\lib\charsets.jar;C:\Program Files\Java\jdk1.8.0_101\jre\lib\jfr.jar;C:\Program Files\Java\jdk1.8.0_101\jre\classes"/>
    <property name="sun.stderr.encoding" value="cp437"/>
    <property name="java.vendor" value="Oracle Corporation"/>
    <property name="environment" value="QA"/>
    <property name="maven.home" value="C:\apache\apache-maven-3.3.9\bin\.."/>
    <property name="file.separator" value="\"/>
    <property name="java.vendor.url.bug" value="http://bugreport.sun.com/bugreport/"/>
    <property name="sun.cpu.endian" value="little"/>
    <property name="sun.io.unicode.encoding" value="UnicodeLittle"/>
    <property name="sun.stdout.encoding" value="cp437"/>
    <property name="sun.desktop" value="windows"/>
    <property name="sun.cpu.isalist" value="pentium_pro+mmx pentium_pro pentium+mmx pentium i486 i386 i86"/>
  </properties>
  <testcase name="Given I navigate to Login page" classname="Scenario: 21430 - Enhance Find My Project Functionality" time="0.002"/>
  <testcase name="When I click on Single Sign On button" classname="Scenario: 21430 - Enhance Find My Project Functionality" time="0"/>
  <testcase name="When I type Username as &quot;default&quot; single sign on" classname="Scenario: 21430 - Enhance Find My Project Functionality" time="0"/>
  <testcase name="When I type Password as &quot;default&quot; single sign on" classname="Scenario: 21430 - Enhance Find My Project Functionality" time="0"/>
  <testcase name="When I click on Sign In button single sign on" classname="Scenario: 21430 - Enhance Find My Project Functionality" time="0"/>
  <testcase name="Then I should be at Projects page" classname="Scenario: 21430 - Enhance Find My Project Functionality" time="0"/>
  <testcase name="When I click on Create New button" classname="Scenario: 21430 - Enhance Find My Project Functionality" time="0"/>
  <testcase name="Then I should see Project Status as &quot;Draft&quot;" classname="Scenario: 21430 - Enhance Find My Project Functionality" time="0"/>
  <testcase name="Then I should be at Project page" classname="Scenario: 21430 - Enhance Find My Project Functionality" time="0"/>
  <testcase name="When I select Business Unit as &quot;Catapult Integrated Services&quot;" classname="Scenario: 21430 - Enhance Find My Project Functionality" time="0"/>
  <testcase name="When I select Customer Name or ID as &quot;000000000014986&quot;" classname="Scenario: 21430 - Enhance Find My Project Functionality" time="0"/>
  <testcase name="When I select Rate Card as &quot;Mars Foods&quot;" classname="Scenario: 21430 - Enhance Find My Project Functionality" time="0"/>
  <testcase name="When I select Brand Name as &quot;Multi-Brand&quot;" classname="Scenario: 21430 - Enhance Find My Project Functionality" time="0"/>
  <testcase name="When I select Division as &quot;Retail&quot;" classname="Scenario: 21430 - Enhance Find My Project Functionality" time="0"/>
  <testcase name="When I select Channel as &quot;Drug&quot;" classname="Scenario: 21430 - Enhance Find My Project Functionality" time="0"/>
  <testcase name="When I select Retailer as &quot;Amazon&quot;" classname="Scenario: 21430 - Enhance Find My Project Functionality" time="0"/>
  <testcase name="When I select Discipline as &quot;Advertising&quot;" classname="Scenario: 21430 - Enhance Find My Project Functionality" time="0"/>
  <testcase name="When I type Project Name as &quot;Project_31907&quot;" classname="Scenario: 21430 - Enhance Find My Project Functionality" time="0"/>
  <testcase name="When I select Project Type as &quot;FFEE&quot;" classname="Scenario: 21430 - Enhance Find My Project Functionality" time="0"/>
  <testcase name="When I select Start Date as Today" classname="Scenario: 21430 - Enhance Find My Project Functionality" time="0"/>
  <testcase name="When I select End Date as 7 days after Today" classname="Scenario: 21430 - Enhance Find My Project Functionality" time="0"/>
  <testcase name="When I select Project Designation as &quot;Stand-Alone&quot;" classname="Scenario: 21430 - Enhance Find My Project Functionality" time="0"/>
  <testcase name="When I type Description as &quot;Veritas Nunquam Perit&quot;" classname="Scenario: 21430 - Enhance Find My Project Functionality" time="0"/>
  <testcase name="When I click on Schedule navigation link" classname="Scenario: 21430 - Enhance Find My Project Functionality" time="0"/>
  <testcase name="When I type Phase Name as &quot;Phase 111&quot;" classname="Scenario: 21430 - Enhance Find My Project Functionality" time="0"/>
  <testcase name="When I select Phase Start Date as Today" classname="Scenario: 21430 - Enhance Find My Project Functionality" time="0"/>
  <testcase name="When I select Phase End Date as 7 days after Today" classname="Scenario: 21430 - Enhance Find My Project Functionality" time="0"/>
  <testcase name="When I click on Get Project Id" classname="Scenario: 21430 - Enhance Find My Project Functionality" time="0"/>
  <testcase name="Then I should see Success notification" classname="Scenario: 21430 - Enhance Find My Project Functionality" time="0"/>
  <testcase name="When I record Project Id" classname="Scenario: 21430 - Enhance Find My Project Functionality" time="0"/>
  <testcase name="When I click on Timesheet button navigation bar" classname="Scenario: 21430 - Enhance Find My Project Functionality" time="0"/>
  <testcase name="Then I should be at Timesheets page" classname="Scenario: 21430 - Enhance Find My Project Functionality" time="0"/>
  <testcase name="When I click on Timesheet Period with Timesheet Status as NOT Submitted" classname="Scenario: 21430 - Enhance Find My Project Functionality" time="0"/>
  <testcase name="When I click on Find Project icon" classname="Scenario: 21430 - Enhance Find My Project Functionality" time="0"/>
  <testcase name="Then I should see Find Project pop-up" classname="Scenario: 21430 - Enhance Find My Project Functionality" time="0"/>
  <testcase name="Then I should see Select Customer dropdown as disabled" classname="Scenario: 21430 - Enhance Find My Project Functionality" time="0.012">
    <error message="Expected condition failed: waiting for cucumber.jvm.parallel.util.CUtil$1@94740 (tried for 90 second(s) with 5 SECONDS interval)" type="org.openqa.selenium.TimeoutException">org.openqa.selenium.TimeoutException: Expected condition failed: waiting for cucumber.jvm.parallel.util.CUtil$1@94740 (tried for 90 second(s) with 5 SECONDS interval)
	at sun.reflect.NativeConstructorAccessorImpl.newInstance0(Native Method)
	at sun.reflect.NativeConstructorAccessorImpl.newInstance(NativeConstructorAccessorImpl.java:62)
	at sun.reflect.DelegatingConstructorAccessorImpl.newInstance(DelegatingConstructorAccessorImpl.java:45)
	at java.lang.reflect.Constructor.newInstance(Constructor.java:423)
	at org.openqa.selenium.remote.ErrorHandler.createThrowable(ErrorHandler.java:215)
	at org.openqa.selenium.remote.ErrorHandler.throwIfResponseFailed(ErrorHandler.java:167)
	at org.openqa.selenium.remote.RemoteWebDriver.execute(RemoteWebDriver.java:671)
	at org.openqa.selenium.remote.RemoteWebDriver.findElement(RemoteWebDriver.java:410)
	at org.openqa.selenium.remote.RemoteWebDriver.findElementByCssSelector(RemoteWebDriver.java:501)
	at org.openqa.selenium.By$ByCssSelector.findElement(By.java:430)
	at org.openqa.selenium.remote.RemoteWebDriver.findElement(RemoteWebDriver.java:402)
	at cucumber.jvm.parallel.util.CUtil$1.apply(CUtil.java:105)
	at cucumber.jvm.parallel.util.CUtil$1.apply(CUtil.java:103)
	at org.openqa.selenium.support.ui.FluentWait.until(FluentWait.java:209)
	at cucumber.jvm.parallel.util.CUtil.waitForElement(CUtil.java:103)
	at cucumber.jvm.parallel.pages.TimesheetPage.isDisabled_SELECT_CUSTOMER_DROPDOWN(TimesheetPage.java:547)
	at cucumber.jvm.parallel.cucumber.steps.TimesheetPageSteps.I_should_see_Select_Customer_dropdown_as_disabled(TimesheetPageSteps.java:347)
	at sun.reflect.NativeMethodAccessorImpl.invoke0(Native Method)
	at sun.reflect.NativeMethodAccessorImpl.invoke(NativeMethodAccessorImpl.java:62)
	at sun.reflect.DelegatingMethodAccessorImpl.invoke(DelegatingMethodAccessorImpl.java:43)
	at java.lang.reflect.Method.invoke(Method.java:498)
	at cucumber.runtime.Utils$1.call(Utils.java:44)
	at cucumber.runtime.Timeout.timeout(Timeout.java:12)
	at cucumber.runtime.Utils.invoke(Utils.java:40)
	at cucumber.runtime.java.JavaStepDefinition.execute(JavaStepDefinition.java:35)
	at cucumber.runtime.StepDefinitionMatch.runStep(StepDefinitionMatch.java:38)
	at cucumber.runtime.Runtime.runStep(Runtime.java:268)
	at cucumber.runtime.model.StepContainer.runStep(StepContainer.java:45)
	at cucumber.runtime.model.StepContainer.runSteps(StepContainer.java:40)
	at cucumber.runtime.model.CucumberScenario.run(CucumberScenario.java:36)
	at cucumber.runtime.junit.ExecutionUnitRunner.run(ExecutionUnitRunner.java:83)
	at cucumber.runtime.junit.FeatureRunner.runChild(FeatureRunner.java:63)
	at cucumber.runtime.junit.FeatureRunner.runChild(FeatureRunner.java:18)
	at org.junit.runners.ParentRunner$3.run(ParentRunner.java:238)
	at org.junit.runners.ParentRunner$1.schedule(ParentRunner.java:63)
	at org.junit.runners.ParentRunner.runChildren(ParentRunner.java:236)
	at org.junit.runners.ParentRunner.access$000(ParentRunner.java:53)
	at org.junit.runners.ParentRunner$2.evaluate(ParentRunner.java:229)
	at org.junit.runners.ParentRunner.run(ParentRunner.java:309)
	at cucumber.runtime.junit.FeatureRunner.run(FeatureRunner.java:70)
	at cucumber.api.junit.Cucumber.runChild(Cucumber.java:77)
	at cucumber.api.junit.Cucumber.runChild(Cucumber.java:37)
	at org.junit.runners.ParentRunner$3.run(ParentRunner.java:238)
	at org.junit.runners.ParentRunner$1.schedule(ParentRunner.java:63)
	at org.junit.runners.ParentRunner.runChildren(ParentRunner.java:236)
	at org.junit.runners.ParentRunner.access$000(ParentRunner.java:53)
	at org.junit.runners.ParentRunner$2.evaluate(ParentRunner.java:229)
	at org.junit.runners.ParentRunner.run(ParentRunner.java:309)
	at cucumber.api.junit.Cucumber.run(Cucumber.java:82)
	at org.apache.maven.surefire.junit4.JUnit4Provider.execute(JUnit4Provider.java:264)
	at org.apache.maven.surefire.junit4.JUnit4Provider.executeTestSet(JUnit4Provider.java:153)
	at org.apache.maven.surefire.junit4.JUnit4Provider.invoke(JUnit4Provider.java:124)
	at sun.reflect.NativeMethodAccessorImpl.invoke0(Native Method)
	at sun.reflect.NativeMethodAccessorImpl.invoke(NativeMethodAccessorImpl.java:62)
	at sun.reflect.DelegatingMethodAccessorImpl.invoke(DelegatingMethodAccessorImpl.java:43)
	at java.lang.reflect.Method.invoke(Method.java:498)
	at org.apache.maven.surefire.util.ReflectionUtils.invokeMethodWithArray2(ReflectionUtils.java:208)
	at org.apache.maven.surefire.booter.ProviderFactory$ProviderProxy.invoke(ProviderFactory.java:158)
	at org.apache.maven.surefire.booter.ProviderFactory.invokeProvider(ProviderFactory.java:86)
	at org.apache.maven.surefire.booter.ForkedBooter.runSuitesInProcess(ForkedBooter.java:153)
	at org.apache.maven.surefire.booter.ForkedBooter.main(ForkedBooter.java:95)
</error>
  </testcase>
  <testcase name="Scenario: 21430 - Enhance Find My Project Functionality" classname="Scenario: 21430 - Enhance Find My Project Functionality" time="0.013">
    <error message="Expected condition failed: waiting for cucumber.jvm.parallel.util.CUtil$1@94740 (tried for 90 second(s) with 5 SECONDS interval)" type="org.openqa.selenium.TimeoutException">org.openqa.selenium.TimeoutException: Expected condition failed: waiting for cucumber.jvm.parallel.util.CUtil$1@94740 (tried for 90 second(s) with 5 SECONDS interval)
	at sun.reflect.NativeConstructorAccessorImpl.newInstance0(Native Method)
	at sun.reflect.NativeConstructorAccessorImpl.newInstance(NativeConstructorAccessorImpl.java:62)
	at sun.reflect.DelegatingConstructorAccessorImpl.newInstance(DelegatingConstructorAccessorImpl.java:45)
	at java.lang.reflect.Constructor.newInstance(Constructor.java:423)
	at org.openqa.selenium.remote.ErrorHandler.createThrowable(ErrorHandler.java:215)
	at org.openqa.selenium.remote.ErrorHandler.throwIfResponseFailed(ErrorHandler.java:167)
	at org.openqa.selenium.remote.RemoteWebDriver.execute(RemoteWebDriver.java:671)
	at org.openqa.selenium.remote.RemoteWebDriver.findElement(RemoteWebDriver.java:410)
	at org.openqa.selenium.remote.RemoteWebDriver.findElementByCssSelector(RemoteWebDriver.java:501)
	at org.openqa.selenium.By$ByCssSelector.findElement(By.java:430)
	at org.openqa.selenium.remote.RemoteWebDriver.findElement(RemoteWebDriver.java:402)
	at cucumber.jvm.parallel.util.CUtil$1.apply(CUtil.java:105)
	at cucumber.jvm.parallel.util.CUtil$1.apply(CUtil.java:103)
	at org.openqa.selenium.support.ui.FluentWait.until(FluentWait.java:209)
	at cucumber.jvm.parallel.util.CUtil.waitForElement(CUtil.java:103)
	at cucumber.jvm.parallel.pages.TimesheetPage.isDisabled_SELECT_CUSTOMER_DROPDOWN(TimesheetPage.java:547)
	at cucumber.jvm.parallel.cucumber.steps.TimesheetPageSteps.I_should_see_Select_Customer_dropdown_as_disabled(TimesheetPageSteps.java:347)
	at sun.reflect.NativeMethodAccessorImpl.invoke0(Native Method)
	at sun.reflect.NativeMethodAccessorImpl.invoke(NativeMethodAccessorImpl.java:62)
	at sun.reflect.DelegatingMethodAccessorImpl.invoke(DelegatingMethodAccessorImpl.java:43)
	at java.lang.reflect.Method.invoke(Method.java:498)
	at cucumber.runtime.Utils$1.call(Utils.java:44)
	at cucumber.runtime.Timeout.timeout(Timeout.java:12)
	at cucumber.runtime.Utils.invoke(Utils.java:40)
	at cucumber.runtime.java.JavaStepDefinition.execute(JavaStepDefinition.java:35)
	at cucumber.runtime.StepDefinitionMatch.runStep(StepDefinitionMatch.java:38)
	at cucumber.runtime.Runtime.runStep(Runtime.java:268)
	at cucumber.runtime.model.StepContainer.runStep(StepContainer.java:45)
	at cucumber.runtime.model.StepContainer.runSteps(StepContainer.java:40)
	at cucumber.runtime.model.CucumberScenario.run(CucumberScenario.java:36)
	at cucumber.runtime.junit.ExecutionUnitRunner.run(ExecutionUnitRunner.java:83)
	at cucumber.runtime.junit.FeatureRunner.runChild(FeatureRunner.java:63)
	at cucumber.runtime.junit.FeatureRunner.runChild(FeatureRunner.java:18)
	at org.junit.runners.ParentRunner$3.run(ParentRunner.java:238)
	at org.junit.runners.ParentRunner$1.schedule(ParentRunner.java:63)
	at org.junit.runners.ParentRunner.runChildren(ParentRunner.java:236)
	at org.junit.runners.ParentRunner.access$000(ParentRunner.java:53)
	at org.junit.runners.ParentRunner$2.evaluate(ParentRunner.java:229)
	at org.junit.runners.ParentRunner.run(ParentRunner.java:309)
	at cucumber.runtime.junit.FeatureRunner.run(FeatureRunner.java:70)
	at cucumber.api.junit.Cucumber.runChild(Cucumber.java:77)
	at cucumber.api.junit.Cucumber.runChild(Cucumber.java:37)
	at org.junit.runners.ParentRunner$3.run(ParentRunner.java:238)
	at org.junit.runners.ParentRunner$1.schedule(ParentRunner.java:63)
	at org.junit.runners.ParentRunner.runChildren(ParentRunner.java:236)
	at org.junit.runners.ParentRunner.access$000(ParentRunner.java:53)
	at org.junit.runners.ParentRunner$2.evaluate(ParentRunner.java:229)
	at org.junit.runners.ParentRunner.run(ParentRunner.java:309)
	at cucumber.api.junit.Cucumber.run(Cucumber.java:82)
	at org.apache.maven.surefire.junit4.JUnit4Provider.execute(JUnit4Provider.java:264)
	at org.apache.maven.surefire.junit4.JUnit4Provider.executeTestSet(JUnit4Provider.java:153)
	at org.apache.maven.surefire.junit4.JUnit4Provider.invoke(JUnit4Provider.java:124)
	at sun.reflect.NativeMethodAccessorImpl.invoke0(Native Method)
	at sun.reflect.NativeMethodAccessorImpl.invoke(NativeMethodAccessorImpl.java:62)
	at sun.reflect.DelegatingMethodAccessorImpl.invoke(DelegatingMethodAccessorImpl.java:43)
	at java.lang.reflect.Method.invoke(Method.java:498)
	at org.apache.maven.surefire.util.ReflectionUtils.invokeMethodWithArray2(ReflectionUtils.java:208)
	at org.apache.maven.surefire.booter.ProviderFactory$ProviderProxy.invoke(ProviderFactory.java:158)
	at org.apache.maven.surefire.booter.ProviderFactory.invokeProvider(ProviderFactory.java:86)
	at org.apache.maven.surefire.booter.ForkedBooter.runSuitesInProcess(ForkedBooter.java:153)
	at org.apache.maven.surefire.booter.ForkedBooter.main(ForkedBooter.java:95)
</error>
  </testcase>
  <testcase name="Then I should see Select Project dropdown as disabled" classname="Scenario: 21430 - Enhance Find My Project Functionality" time="0.047">
    <skipped/>
  </testcase>
  <testcase name="Then I should see Select Project button disabled" classname="Scenario: 21430 - Enhance Find My Project Functionality" time="0.047">
    <skipped/>
  </testcase>
  <testcase name="When I select PCBU as &quot;Catapult Integrated Services&quot; in Find Project pop-up" classname="Scenario: 21430 - Enhance Find My Project Functionality" time="0.047">
    <skipped/>
  </testcase>
  <testcase name="When I select Project as Project Id in Find Project pop-up" classname="Scenario: 21430 - Enhance Find My Project Functionality" time="0.048">
    <skipped/>
  </testcase>
  <testcase name="When I select PCBU as &quot;Catapult Integrated Services&quot; in Find Project pop-up" classname="Scenario: 21430 - Enhance Find My Project Functionality" time="0.048">
    <skipped/>
  </testcase>
  <testcase name="When I select Customer as &quot;None&quot; in Find Project pop-up" classname="Scenario: 21430 - Enhance Find My Project Functionality" time="0.048">
    <skipped/>
  </testcase>
  <testcase name="When I select Project as &quot;Harmony Intake&quot; in Find Project pop-up" classname="Scenario: 21430 - Enhance Find My Project Functionality" time="0.049">
    <skipped/>
  </testcase>
</testsuite>